#
# There is insufficient memory for the Java Runtime Environment to continue.
# Native memory allocation (malloc) failed to allocate 32744 bytes for ChunkPool::allocate
# Possible reasons:
#   The system is out of physical RAM or swap space
#   The process is running with CompressedOops enabled, and the Java Heap may be blocking the growth of the native heap
# Possible solutions:
#   Reduce memory load on the system
#   Increase physical memory or swap space
#   Check if swap backing store is full
#   Decrease Java heap size (-Xmx/-Xms)
#   Decrease number of Java threads
#   Decrease Java thread stack sizes (-Xss)
#   Set larger code cache with -XX:ReservedCodeCacheSize=
#   JVM is running with Unscaled Compressed Oops mode in which the Java heap is
#     placed in the first 4GB address space. The Java Heap base address is the
#     maximum limit for the native heap growth. Please use -XX:HeapBaseMinAddress
#     to set the Java Heap base and to place the Java Heap above 4GB virtual address.
# This output file may be truncated or incomplete.
#
#  Out of Memory Error (./open/src/hotspot/share/memory/arena.cpp:81), pid=6956, tid=6544
#
# JRE version: Java(TM) SE Runtime Environment 18.9 (11.0.7+8) (build 11.0.7+8-LTS)
# Java VM: Java HotSpot(TM) 64-Bit Server VM 18.9 (11.0.7+8-LTS, mixed mode, tiered, compressed oops, parallel gc, windows-amd64)
# No core dump will be written. Minidumps are not enabled by default on client versions of Windows
#

---------------  S U M M A R Y ------------

Command Line: --add-modules=ALL-SYSTEM --add-opens=java.base/java.util=ALL-UNNAMED --add-opens=java.base/java.lang=ALL-UNNAMED -Declipse.application=org.eclipse.jdt.ls.core.id1 -Dosgi.bundles.defaultStartLevel=4 -Declipse.product=org.eclipse.jdt.ls.core.product -Dfile.encoding=utf8 -DwatchParentProcess=false -XX:+UseParallelGC -XX:GCTimeRatio=4 -XX:AdaptiveSizePolicyWeight=90 -Dsun.zip.disableMemoryMapping=true -Xmx1G -Xms100m -Xverify:none c:\Users\Mohit\.vscode\extensions\redhat.java-0.76.0\server\plugins\org.eclipse.equinox.launcher_1.6.100.v20201223-0822.jar -configuration c:\Users\Mohit\AppData\Roaming\Code\User\globalStorage\redhat.java\0.76.0\config_win -data c:\Users\Mohit\AppData\Roaming\Code\User\workspaceStorage\567dee87dd49738e3b1bb5a4c6aed07f\redhat.java\jdt_ws

Host: Intel(R) Core(TM) i3-2328M CPU @ 2.20GHz, 4 cores, 3G,  Windows 10 , 64 bit Build 14393 (10.0.14393.0)
Time: Thu Mar 18 21:16:42 2021 India Standard Time elapsed time: 178 seconds (0d 0h 2m 58s)

---------------  T H R E A D  ---------------

Current thread (0x000002acfffa8800):  JavaThread "C2 CompilerThread0" daemon [_thread_in_native, id=6544, stack(0x000000ddc0100000,0x000000ddc0200000)]


Current CompileTask:
C2: 178604 11106   !   4       org.eclipse.jdt.internal.core.SearchableEnvironment::getModulesDeclaringPackage (510 bytes)

Stack: [0x000000ddc0100000,0x000000ddc0200000]
Native frames: (J=compiled Java code, j=interpreted, Vv=VM code, C=native code)
V  [jvm.dll+0x661a7a]
V  [jvm.dll+0x7a1b2f]
V  [jvm.dll+0x7a31d5]
V  [jvm.dll+0x7a3843]
V  [jvm.dll+0x25f1a8]
V  [jvm.dll+0xc266b]
V  [jvm.dll+0xc29cc]
V  [jvm.dll+0xc2520]
V  [jvm.dll+0x68f44f]
V  [jvm.dll+0x693a6e]
V  [jvm.dll+0x1a99ed]
V  [jvm.dll+0x2187f2]
V  [jvm.dll+0x21788a]
V  [jvm.dll+0x19407c]
V  [jvm.dll+0x226c74]
V  [jvm.dll+0x224e98]
V  [jvm.dll+0x765e25]
V  [jvm.dll+0x75e875]
V  [jvm.dll+0x660b26]
C  [ucrtbase.dll+0x1cab0]
C  [KERNEL32.DLL+0x8364]
C  [ntdll.dll+0x65e91]


---------------  P R O C E S S  ---------------

Threads class SMR info:
_java_thread_list=0x000002aca98bf710, length=29, elements={
0x000002acffece000, 0x000002acfff9a800, 0x000002ac9a477800, 0x000002ac9b612800,
0x000002acfffa7000, 0x000002acfffa8800, 0x000002ac9a485000, 0x000002ac9a486800,
0x000002ac9b720000, 0x000002ac9b8b0800, 0x000002ac9ba45800, 0x000002ac9bb61000,
0x000002ac9b715000, 0x000002ac9bfa9000, 0x000002ac9c6d5000, 0x000002ac9bca1800,
0x000002ac9be37000, 0x000002ac9bf7b000, 0x000002ac9c916800, 0x000002ac9c914000,
0x000002ac9c917800, 0x000002ac9c915800, 0x000002ac9c918000, 0x000002ac9c915000,
0x000002ac9c919000, 0x000002ac9c91a000, 0x000002ac9cb35000, 0x000002ac9cb36000,
0x000002ac9cb33000
}

Java Threads: ( => current thread )
  0x000002acffece000 JavaThread "main" [_thread_blocked, id=2016, stack(0x000000ddbfa00000,0x000000ddbfb00000)]
  0x000002acfff9a800 JavaThread "Reference Handler" daemon [_thread_blocked, id=7676, stack(0x000000ddbfd00000,0x000000ddbfe00000)]
  0x000002ac9a477800 JavaThread "Finalizer" daemon [_thread_blocked, id=7680, stack(0x000000ddbfe00000,0x000000ddbff00000)]
  0x000002ac9b612800 JavaThread "Signal Dispatcher" daemon [_thread_blocked, id=7692, stack(0x000000ddbff00000,0x000000ddc0000000)]
  0x000002acfffa7000 JavaThread "Attach Listener" daemon [_thread_blocked, id=7664, stack(0x000000ddc0000000,0x000000ddc0100000)]
=>0x000002acfffa8800 JavaThread "C2 CompilerThread0" daemon [_thread_in_native, id=6544, stack(0x000000ddc0100000,0x000000ddc0200000)]
  0x000002ac9a485000 JavaThread "C1 CompilerThread0" daemon [_thread_in_native, id=6592, stack(0x000000ddc0200000,0x000000ddc0300000)]
  0x000002ac9a486800 JavaThread "Sweeper thread" daemon [_thread_blocked, id=5192, stack(0x000000ddc0300000,0x000000ddc0400000)]
  0x000002ac9b720000 JavaThread "Common-Cleaner" daemon [_thread_blocked, id=6508, stack(0x000000ddc0400000,0x000000ddc0500000)]
  0x000002ac9b8b0800 JavaThread "Service Thread" daemon [_thread_blocked, id=7720, stack(0x000000ddc0600000,0x000000ddc0700000)]
  0x000002ac9ba45800 JavaThread "Active Thread: Equinox Container: a540a771-a11b-4ccd-8024-fd8c6cd2a31e" [_thread_blocked, id=7052, stack(0x000000ddc0a00000,0x000000ddc0b00000)]
  0x000002ac9bb61000 JavaThread "Framework Event Dispatcher: Equinox Container: a540a771-a11b-4ccd-8024-fd8c6cd2a31e" daemon [_thread_blocked, id=6972, stack(0x000000ddc0b00000,0x000000ddc0c00000)]
  0x000002ac9b715000 JavaThread "Start Level: Equinox Container: a540a771-a11b-4ccd-8024-fd8c6cd2a31e" daemon [_thread_blocked, id=6968, stack(0x000000ddc0c00000,0x000000ddc0d00000)]
  0x000002ac9bfa9000 JavaThread "SCR Component Actor" daemon [_thread_blocked, id=5544, stack(0x000000ddc1000000,0x000000ddc1100000)]
  0x000002ac9c6d5000 JavaThread "Bundle File Closer" daemon [_thread_blocked, id=4888, stack(0x000000ddc1200000,0x000000ddc1300000)]
  0x000002ac9bca1800 JavaThread "Worker-JM" [_thread_blocked, id=5916, stack(0x000000ddc1300000,0x000000ddc1400000)]
  0x000002ac9be37000 JavaThread "Worker-0" [_thread_blocked, id=5184, stack(0x000000ddc1400000,0x000000ddc1500000)]
  0x000002ac9bf7b000 JavaThread "Worker-1" [_thread_blocked, id=3960, stack(0x000000ddc1500000,0x000000ddc1600000)]
  0x000002ac9c916800 JavaThread "Java indexing" daemon [_thread_blocked, id=7884, stack(0x000000ddc1600000,0x000000ddc1700000)]
  0x000002ac9c914000 JavaThread "logback configurator timer" daemon [_thread_blocked, id=6604, stack(0x000000ddc1700000,0x000000ddc1800000)]
  0x000002ac9c917800 JavaThread "pool-2-thread-1" [_thread_in_native, id=7764, stack(0x000000ddc1900000,0x000000ddc1a00000)]
  0x000002ac9c915800 JavaThread "Worker-2" [_thread_blocked, id=7532, stack(0x000000ddc1a00000,0x000000ddc1b00000)]
  0x000002ac9c918000 JavaThread "Worker-3" [_thread_blocked, id=7896, stack(0x000000ddc1b00000,0x000000ddc1c00000)]
  0x000002ac9c915000 JavaThread "Worker-4" [_thread_blocked, id=7536, stack(0x000000ddc1c00000,0x000000ddc1d00000)]
  0x000002ac9c919000 JavaThread "Worker-5" [_thread_blocked, id=2776, stack(0x000000ddc1d00000,0x000000ddc1e00000)]
  0x000002ac9c91a000 JavaThread "Worker-6" [_thread_blocked, id=7964, stack(0x000000ddc1e00000,0x000000ddc1f00000)]
  0x000002ac9cb35000 JavaThread "ForkJoinPool.commonPool-worker-3" daemon [_thread_blocked, id=6944, stack(0x000000ddc2800000,0x000000ddc2900000)]
  0x000002ac9cb36000 JavaThread "ForkJoinPool.commonPool-worker-5" daemon [_thread_blocked, id=6624, stack(0x000000ddc2900000,0x000000ddc2a00000)]
  0x000002ac9cb33000 JavaThread "ForkJoinPool.commonPool-worker-7" daemon [_thread_blocked, id=5936, stack(0x000000ddc2a00000,0x000000ddc2b00000)]

Other Threads:
  0x000002acfff97800 VMThread "VM Thread" [stack: 0x000000ddbfc00000,0x000000ddbfd00000] [id=7348]
  0x000002ac9b8b4000 WatcherThread [stack: 0x000000ddc0700000,0x000000ddc0800000] [id=7576]
  0x000002acffee5000 GCTaskThread "ParGC Thread#0" [stack: 0x000000ddbfb00000,0x000000ddbfc00000] [id=2244]
  0x000002ac9bacb000 GCTaskThread "ParGC Thread#1" [stack: 0x000000ddc0d00000,0x000000ddc0e00000] [id=5876]
  0x000002ac9b9bf000 GCTaskThread "ParGC Thread#2" [stack: 0x000000ddc0e00000,0x000000ddc0f00000] [id=5300]
  0x000002ac9bc1a000 GCTaskThread "ParGC Thread#3" [stack: 0x000000ddc0f00000,0x000000ddc1000000] [id=5456]

Threads with active compile tasks:
C2 CompilerThread011106   !   4       org.eclipse.jdt.internal.core.SearchableEnvironment::getModulesDeclaringPackage (510 bytes)
C1 CompilerThread011122   !   3       org.eclipse.jdt.internal.codeassist.complete.CompletionScanner::getNextToken0 (4425 bytes)

VM state:not at safepoint (normal execution)

VM Mutex/Monitor currently owned by a thread: None

Heap address: 0x00000000c0000000, size: 1024 MB, Compressed Oops mode: 32-bit
Narrow klass base: 0x0000000000000000, Narrow klass shift: 3
Compressed class space size: 1073741824 Address: 0x0000000100000000

Heap:
 PSYoungGen      total 37376K, used 15599K [0x00000000eab00000, 0x00000000ee280000, 0x0000000100000000)
  eden space 36352K, 40% used [0x00000000eab00000,0x00000000eb93be68,0x00000000ece80000)
  from space 1024K, 100% used [0x00000000ee180000,0x00000000ee280000,0x00000000ee280000)
  to   space 2560K, 0% used [0x00000000edd80000,0x00000000edd80000,0x00000000ee000000)
 ParOldGen       total 249856K, used 184910K [0x00000000c0000000, 0x00000000cf400000, 0x00000000eab00000)
  object space 249856K, 74% used [0x00000000c0000000,0x00000000cb493ba0,0x00000000cf400000)
 Metaspace       used 69264K, capacity 72286K, committed 72576K, reserved 1114112K
  class space    used 6658K, capacity 7743K, committed 7808K, reserved 1048576K

Card table byte_map: [0x000002ac97540000,0x000002ac97750000] _byte_map_base: 0x000002ac96f40000

Marking Bits: (ParMarkBitMap*) 0x00007ffd1ad352a0
 Begin Bits: [0x000002ac978b0000, 0x000002ac988b0000)
 End Bits:   [0x000002ac988b0000, 0x000002ac998b0000)

Polling page: 0x000002ac88330000

Metaspace:

Usage:
  Non-class:     63.03 MB capacity,    61.14 MB ( 97%) used,     1.73 MB (  3%) free+waste,   161.13 KB ( <1%) overhead. 
      Class:      7.56 MB capacity,     6.50 MB ( 86%) used,  1015.86 KB ( 13%) free+waste,    69.06 KB ( <1%) overhead. 
       Both:     70.59 MB capacity,    67.64 MB ( 96%) used,     2.73 MB (  4%) free+waste,   230.19 KB ( <1%) overhead. 

Virtual space:
  Non-class space:       64.00 MB reserved,      63.25 MB ( 99%) committed 
      Class space:        1.00 GB reserved,       7.63 MB ( <1%) committed 
             Both:        1.06 GB reserved,      70.88 MB (  7%) committed 

Chunk freelists:
   Non-Class:  4.13 KB
       Class:  128 bytes
        Both:  4.25 KB

CodeHeap 'non-profiled nmethods': size=120064Kb used=8976Kb max_used=8976Kb free=111087Kb
 bounds [0x000002ac8fe10000, 0x000002ac906e0000, 0x000002ac97350000]
CodeHeap 'profiled nmethods': size=120000Kb used=29595Kb max_used=29595Kb free=90405Kb
 bounds [0x000002ac888e0000, 0x000002ac8a5d0000, 0x000002ac8fe10000]
CodeHeap 'non-nmethods': size=5696Kb used=1283Kb max_used=1359Kb free=4412Kb
 bounds [0x000002ac88350000, 0x000002ac885c0000, 0x000002ac888e0000]
 total_blobs=14754 nmethods=10443 adapters=586
 compilation: enabled
              stopped_count=0, restarted_count=0
 full_count=0

Compilation events (10 events):
Event: 175.956 Thread 0x000002ac9a485000 nmethod 11117 0x000002ac8a5cc010 code [0x000002ac8a5cc280, 0x000002ac8a5ccae0]
Event: 175.957 Thread 0x000002ac9a485000 11118       3       org.eclipse.core.internal.events.ResourceDeltaFactory::computeDelta (201 bytes)
Event: 175.960 Thread 0x000002ac9a485000 nmethod 11118 0x000002ac8a5cce10 code [0x000002ac8a5cd100, 0x000002ac8a5cde30]
Event: 175.960 Thread 0x000002ac9a485000 11119       3       org.eclipse.core.internal.dtree.DeltaDataTree::asReverseComparisonTree (115 bytes)
Event: 175.961 Thread 0x000002ac9a485000 nmethod 11119 0x000002ac8a5ce510 code [0x000002ac8a5ce720, 0x000002ac8a5cf090]
Event: 175.961 Thread 0x000002ac9a485000 11120       3       org.eclipse.core.internal.events.ResourceDeltaInfo::<init> (20 bytes)
Event: 175.961 Thread 0x000002ac9a485000 nmethod 11120 0x000002ac8a5cf310 code [0x000002ac8a5cf4c0, 0x000002ac8a5cf6b8]
Event: 176.218 Thread 0x000002ac9a485000 11121       3       org.eclipse.core.internal.dtree.DeltaDataTree::<init> (15 bytes)
Event: 176.219 Thread 0x000002ac9a485000 nmethod 11121 0x000002ac8a5cf790 code [0x000002ac8a5cf960, 0x000002ac8a5cfd70]
Event: 176.222 Thread 0x000002ac9a485000 11122   !   3       org.eclipse.jdt.internal.codeassist.complete.CompletionScanner::getNextToken0 (4425 bytes)

GC Heap History (10 events):
Event: 111.657 GC heap before
{Heap before GC invocations=184 (full 12):
 PSYoungGen      total 51712K, used 12164K [0x00000000eab00000, 0x00000000efd00000, 0x0000000100000000)
  eden space 39424K, 0% used [0x00000000eab00000,0x00000000eab00000,0x00000000ed180000)
  from space 12288K, 98% used [0x00000000ef100000,0x00000000efce1000,0x00000000efd00000)
  to   space 18944K, 0% used [0x00000000ed800000,0x00000000ed800000,0x00000000eea80000)
 ParOldGen       total 333312K, used 319762K [0x00000000c0000000, 0x00000000d4580000, 0x00000000eab00000)
  object space 333312K, 95% used [0x00000000c0000000,0x00000000d3844be8,0x00000000d4580000)
 Metaspace       used 67132K, capacity 70292K, committed 70400K, reserved 1112064K
  class space    used 6537K, capacity 7604K, committed 7680K, reserved 1048576K
}
Event: 112.337 GC heap after
{Heap after GC invocations=184 (full 12):
 PSYoungGen      total 39424K, used 0K [0x00000000eab00000, 0x00000000ef600000, 0x0000000100000000)
  eden space 38912K, 0% used [0x00000000eab00000,0x00000000eab00000,0x00000000ed100000)
  from space 512K, 0% used [0x00000000ed800000,0x00000000ed800000,0x00000000ed880000)
  to   space 18944K, 0% used [0x00000000ee380000,0x00000000ee380000,0x00000000ef600000)
 ParOldGen       total 249856K, used 183753K [0x00000000c0000000, 0x00000000cf400000, 0x00000000eab00000)
  object space 249856K, 73% used [0x00000000c0000000,0x00000000cb3726d0,0x00000000cf400000)
 Metaspace       used 67132K, capacity 70292K, committed 70400K, reserved 1112064K
  class space    used 6537K, capacity 7604K, committed 7680K, reserved 1048576K
}
Event: 126.397 GC heap before
{Heap before GC invocations=185 (full 12):
 PSYoungGen      total 39424K, used 38912K [0x00000000eab00000, 0x00000000ef600000, 0x0000000100000000)
  eden space 38912K, 100% used [0x00000000eab00000,0x00000000ed100000,0x00000000ed100000)
  from space 512K, 0% used [0x00000000ed800000,0x00000000ed800000,0x00000000ed880000)
  to   space 18944K, 0% used [0x00000000ee380000,0x00000000ee380000,0x00000000ef600000)
 ParOldGen       total 249856K, used 183753K [0x00000000c0000000, 0x00000000cf400000, 0x00000000eab00000)
  object space 249856K, 73% used [0x00000000c0000000,0x00000000cb3726d0,0x00000000cf400000)
 Metaspace       used 67801K, capacity 70826K, committed 70912K, reserved 1112064K
  class space    used 6553K, capacity 7606K, committed 7680K, reserved 1048576K
}
Event: 126.419 GC heap after
{Heap after GC invocations=185 (full 12):
 PSYoungGen      total 39424K, used 864K [0x00000000eab00000, 0x00000000ee480000, 0x0000000100000000)
  eden space 38400K, 0% used [0x00000000eab00000,0x00000000eab00000,0x00000000ed080000)
  from space 1024K, 84% used [0x00000000ee380000,0x00000000ee458000,0x00000000ee480000)
  to   space 6656K, 0% used [0x00000000ed780000,0x00000000ed780000,0x00000000ede00000)
 ParOldGen       total 249856K, used 183761K [0x00000000c0000000, 0x00000000cf400000, 0x00000000eab00000)
  object space 249856K, 73% used [0x00000000c0000000,0x00000000cb3746d0,0x00000000cf400000)
 Metaspace       used 67801K, capacity 70826K, committed 70912K, reserved 1112064K
  class space    used 6553K, capacity 7606K, committed 7680K, reserved 1048576K
}
Event: 135.383 GC heap before
{Heap before GC invocations=186 (full 12):
 PSYoungGen      total 39424K, used 39264K [0x00000000eab00000, 0x00000000ee480000, 0x0000000100000000)
  eden space 38400K, 100% used [0x00000000eab00000,0x00000000ed080000,0x00000000ed080000)
  from space 1024K, 84% used [0x00000000ee380000,0x00000000ee458000,0x00000000ee480000)
  to   space 6656K, 0% used [0x00000000ed780000,0x00000000ed780000,0x00000000ede00000)
 ParOldGen       total 249856K, used 183761K [0x00000000c0000000, 0x00000000cf400000, 0x00000000eab00000)
  object space 249856K, 73% used [0x00000000c0000000,0x00000000cb3746d0,0x00000000cf400000)
 Metaspace       used 68132K, capacity 71186K, committed 71424K, reserved 1114112K
  class space    used 6573K, capacity 7639K, committed 7680K, reserved 1048576K
}
Event: 135.388 GC heap after
{Heap after GC invocations=186 (full 12):
 PSYoungGen      total 44544K, used 816K [0x00000000eab00000, 0x00000000ee400000, 0x0000000100000000)
  eden space 37888K, 0% used [0x00000000eab00000,0x00000000eab00000,0x00000000ed000000)
  from space 6656K, 12% used [0x00000000ed780000,0x00000000ed84c010,0x00000000ede00000)
  to   space 2048K, 0% used [0x00000000ee200000,0x00000000ee200000,0x00000000ee400000)
 ParOldGen       total 249856K, used 183769K [0x00000000c0000000, 0x00000000cf400000, 0x00000000eab00000)
  object space 249856K, 73% used [0x00000000c0000000,0x00000000cb3766d0,0x00000000cf400000)
 Metaspace       used 68132K, capacity 71186K, committed 71424K, reserved 1114112K
  class space    used 6573K, capacity 7639K, committed 7680K, reserved 1048576K
}
Event: 141.547 GC heap before
{Heap before GC invocations=187 (full 12):
 PSYoungGen      total 44544K, used 38704K [0x00000000eab00000, 0x00000000ee400000, 0x0000000100000000)
  eden space 37888K, 100% used [0x00000000eab00000,0x00000000ed000000,0x00000000ed000000)
  from space 6656K, 12% used [0x00000000ed780000,0x00000000ed84c010,0x00000000ede00000)
  to   space 2048K, 0% used [0x00000000ee200000,0x00000000ee200000,0x00000000ee400000)
 ParOldGen       total 249856K, used 183769K [0x00000000c0000000, 0x00000000cf400000, 0x00000000eab00000)
  object space 249856K, 73% used [0x00000000c0000000,0x00000000cb3766d0,0x00000000cf400000)
 Metaspace       used 68293K, capacity 71379K, committed 71424K, reserved 1114112K
  class space    used 6576K, capacity 7639K, committed 7680K, reserved 1048576K
}
Event: 141.551 GC heap after
{Heap after GC invocations=187 (full 12):
 PSYoungGen      total 38400K, used 976K [0x00000000eab00000, 0x00000000ee300000, 0x0000000100000000)
  eden space 37376K, 0% used [0x00000000eab00000,0x00000000eab00000,0x00000000ecf80000)
  from space 1024K, 95% used [0x00000000ee200000,0x00000000ee2f4010,0x00000000ee300000)
  to   space 1536K, 0% used [0x00000000ee000000,0x00000000ee000000,0x00000000ee180000)
 ParOldGen       total 249856K, used 183777K [0x00000000c0000000, 0x00000000cf400000, 0x00000000eab00000)
  object space 249856K, 73% used [0x00000000c0000000,0x00000000cb3786d0,0x00000000cf400000)
 Metaspace       used 68293K, capacity 71379K, committed 71424K, reserved 1114112K
  class space    used 6576K, capacity 7639K, committed 7680K, reserved 1048576K
}
Event: 153.680 GC heap before
{Heap before GC invocations=188 (full 12):
 PSYoungGen      total 38400K, used 38352K [0x00000000eab00000, 0x00000000ee300000, 0x0000000100000000)
  eden space 37376K, 100% used [0x00000000eab00000,0x00000000ecf80000,0x00000000ecf80000)
  from space 1024K, 95% used [0x00000000ee200000,0x00000000ee2f4010,0x00000000ee300000)
  to   space 1536K, 0% used [0x00000000ee000000,0x00000000ee000000,0x00000000ee180000)
 ParOldGen       total 249856K, used 183777K [0x00000000c0000000, 0x00000000cf400000, 0x00000000eab00000)
  object space 249856K, 73% used [0x00000000c0000000,0x00000000cb3786d0,0x00000000cf400000)
 Metaspace       used 68474K, capacity 71479K, committed 71680K, reserved 1114112K
  class space    used 6579K, capacity 7645K, committed 7680K, reserved 1048576K
}
Event: 153.684 GC heap after
{Heap after GC invocations=188 (full 12):
 PSYoungGen      total 38400K, used 928K [0x00000000eab00000, 0x00000000ee280000, 0x0000000100000000)
  eden space 36864K, 0% used [0x00000000eab00000,0x00000000eab00000,0x00000000ecf00000)
  from space 1536K, 60% used [0x00000000ee000000,0x00000000ee0e8000,0x00000000ee180000)
  to   space 1024K, 0% used [0x00000000ee180000,0x00000000ee180000,0x00000000ee280000)
 ParOldGen       total 249856K, used 183785K [0x00000000c0000000, 0x00000000cf400000, 0x00000000eab00000)
  object space 249856K, 73% used [0x00000000c0000000,0x00000000cb37a6d0,0x00000000cf400000)
 Metaspace       used 68474K, capacity 71479K, committed 71680K, reserved 1114112K
  class space    used 6579K, capacity 7645K, committed 7680K, reserved 1048576K
}

Deoptimization events (10 events):
Event: 137.643 Thread 0x000002ac9c915000 Uncommon trap: reason=bimorphic_or_optimized_type_check action=maybe_recompile pc=0x000002ac90355ae8 method=org.eclipse.jdt.internal.compiler.util.HashtableOfObjectToInt.put(Ljava/lang/Object;I)I @ 23 c2
Event: 137.643 Thread 0x000002ac9c915000 Uncommon trap: reason=class_check action=maybe_recompile pc=0x000002ac9040ca50 method=org.eclipse.jdt.internal.compiler.parser.Parser.consumeRule(I)V @ 4369 c2
Event: 137.696 Thread 0x000002ac9cb36000 Uncommon trap: reason=class_check action=maybe_recompile pc=0x000002ac9062d580 method=org.eclipse.jdt.core.dom.DefaultCommentMapper.storeTrailingComments(Lorg/eclipse/jdt/core/dom/ASTNode;IZ[I)I @ 265 c2
Event: 137.744 Thread 0x000002ac9cb35000 Uncommon trap: reason=unstable_if action=reinterpret pc=0x000002ac9062da2c method=org.eclipse.jdt.core.dom.DefaultCommentMapper.storeTrailingComments(Lorg/eclipse/jdt/core/dom/ASTNode;IZ[I)I @ 287 c2
Event: 138.405 Thread 0x000002ac9c917800 Uncommon trap: reason=bimorphic_or_optimized_type_check action=maybe_recompile pc=0x000002ac90355ae8 method=org.eclipse.jdt.internal.compiler.util.HashtableOfObjectToInt.put(Ljava/lang/Object;I)I @ 23 c2
Event: 138.421 Thread 0x000002ac9c917800 Uncommon trap: reason=bimorphic_or_optimized_type_check action=maybe_recompile pc=0x000002ac90355ae8 method=org.eclipse.jdt.internal.compiler.util.HashtableOfObjectToInt.put(Ljava/lang/Object;I)I @ 23 c2
Event: 138.705 Thread 0x000002ac9c915800 Uncommon trap: reason=bimorphic_or_optimized_type_check action=maybe_recompile pc=0x000002ac90657a88 method=org.eclipse.jdt.internal.compiler.parser.Parser.consumeRule(I)V @ 4369 c2
Event: 138.705 Thread 0x000002ac9c915800 Uncommon trap: reason=bimorphic_or_optimized_type_check action=maybe_recompile pc=0x000002ac90657a88 method=org.eclipse.jdt.internal.compiler.parser.Parser.consumeRule(I)V @ 4369 c2
Event: 138.705 Thread 0x000002ac9c915800 Uncommon trap: reason=bimorphic_or_optimized_type_check action=maybe_recompile pc=0x000002ac90657a88 method=org.eclipse.jdt.internal.compiler.parser.Parser.consumeRule(I)V @ 4369 c2
Event: 138.705 Thread 0x000002ac9c915800 Uncommon trap: reason=bimorphic_or_optimized_type_check action=maybe_recompile pc=0x000002ac90657a88 method=org.eclipse.jdt.internal.compiler.parser.Parser.consumeRule(I)V @ 4369 c2

Classes redefined (0 events):
No events

Internal exceptions (10 events):
Event: 138.422 Thread 0x000002ac9c917800 Exception <a 'java/lang/ArrayIndexOutOfBoundsException'{0x00000000ec265fd0}> (0x00000000ec265fd0) thrown at [./open/src/hotspot/share/runtime/sharedRuntime.cpp, line 584]
Event: 138.422 Thread 0x000002ac9c917800 Exception <a 'java/lang/ArrayIndexOutOfBoundsException'{0x00000000ec2665c8}> (0x00000000ec2665c8) thrown at [./open/src/hotspot/share/runtime/sharedRuntime.cpp, line 584]
Event: 138.422 Thread 0x000002ac9c917800 Exception <a 'java/lang/ArrayIndexOutOfBoundsException'{0x00000000ec26d458}> (0x00000000ec26d458) thrown at [./open/src/hotspot/share/runtime/sharedRuntime.cpp, line 584]
Event: 141.547 Thread 0x000002ac9cb36000 Exception <a 'java/lang/ArrayIndexOutOfBoundsException'{0x00000000ecb78610}> (0x00000000ecb78610) thrown at [./open/src/hotspot/share/runtime/sharedRuntime.cpp, line 584]
Event: 141.547 Thread 0x000002ac9cb36000 Exception <a 'java/lang/ArrayIndexOutOfBoundsException'{0x00000000ecb78930}> (0x00000000ecb78930) thrown at [./open/src/hotspot/share/runtime/sharedRuntime.cpp, line 584]
Event: 152.425 Thread 0x000002ac9cb35000 Exception <a 'java/lang/ArrayIndexOutOfBoundsException'{0x00000000ec0c31e8}> (0x00000000ec0c31e8) thrown at [./open/src/hotspot/share/runtime/sharedRuntime.cpp, line 584]
Event: 152.425 Thread 0x000002ac9cb35000 Exception <a 'java/lang/ArrayIndexOutOfBoundsException'{0x00000000ec0c3508}> (0x00000000ec0c3508) thrown at [./open/src/hotspot/share/runtime/sharedRuntime.cpp, line 584]
Event: 163.929 Thread 0x000002ac9cb36000 Exception <a 'java/lang/ArrayIndexOutOfBoundsException'{0x00000000eb6f33f8}> (0x00000000eb6f33f8) thrown at [./open/src/hotspot/share/runtime/sharedRuntime.cpp, line 584]
Event: 163.929 Thread 0x000002ac9cb36000 Exception <a 'java/lang/ArrayIndexOutOfBoundsException'{0x00000000eb6f3718}> (0x00000000eb6f3718) thrown at [./open/src/hotspot/share/runtime/sharedRuntime.cpp, line 584]
Event: 176.223 Thread 0x000002ac9cb35000 Exception <a 'java/lang/ArrayIndexOutOfBoundsException'{0x00000000ec615e80}: Index 1253 out of bounds for length 1253> (0x00000000ec615e80) thrown at [./open/src/hotspot/share/interpreter/interpreterRuntime.cpp, line 459]

Events (10 events):
Event: 173.406 Executing VM operation: RevokeBias
Event: 173.406 Executing VM operation: RevokeBias done
Event: 175.713 Thread 0x000002ac9cb31000 Thread added: 0x000002ac9cb31000
Event: 175.821 Executing VM operation: RevokeBias
Event: 175.821 Executing VM operation: RevokeBias done
Event: 175.826 Executing VM operation: RevokeBias
Event: 175.826 Executing VM operation: RevokeBias done
Event: 175.826 Thread 0x000002ac9cb31000 Thread exited: 0x000002ac9cb31000
Event: 175.953 Executing VM operation: RevokeBias
Event: 175.954 Executing VM operation: RevokeBias done


Dynamic libraries:
0x00007ff66fb40000 - 0x00007ff66fb87000 	C:\Program Files\Java\jdk-11.0.7\bin\java.exe
0x00007ffd53d10000 - 0x00007ffd53ee1000 	C:\Windows\SYSTEM32\ntdll.dll
0x00007ffd51d90000 - 0x00007ffd51e3b000 	C:\Windows\System32\KERNEL32.DLL
0x00007ffd50660000 - 0x00007ffd5087d000 	C:\Windows\System32\KERNELBASE.dll
0x00007ffd516f0000 - 0x00007ffd51792000 	C:\Windows\System32\ADVAPI32.dll
0x00007ffd51c70000 - 0x00007ffd51d0e000 	C:\Windows\System32\msvcrt.dll
0x00007ffd53bb0000 - 0x00007ffd53c09000 	C:\Windows\System32\sechost.dll
0x00007ffd51370000 - 0x00007ffd51491000 	C:\Windows\System32\RPCRT4.dll
0x00007ffd52270000 - 0x00007ffd523d5000 	C:\Windows\System32\USER32.dll
0x00007ffd502f0000 - 0x00007ffd5030e000 	C:\Windows\System32\win32u.dll
0x00007ffd516b0000 - 0x00007ffd516e4000 	C:\Windows\System32\GDI32.dll
0x00007ffd51010000 - 0x00007ffd51192000 	C:\Windows\System32\gdi32full.dll
0x00007ffd43e10000 - 0x00007ffd43e1a000 	C:\Windows\SYSTEM32\VERSION.dll
0x00007ffd45520000 - 0x00007ffd45799000 	C:\Windows\WinSxS\amd64_microsoft.windows.common-controls_6595b64144ccf1df_6.0.14393.0_none_2d0f50fcbdb171b8\COMCTL32.dll
0x00007ffd517b0000 - 0x00007ffd51a77000 	C:\Windows\System32\combase.dll
0x00007ffd511a0000 - 0x00007ffd51295000 	C:\Windows\System32\ucrtbase.dll
0x00007ffd50310000 - 0x00007ffd5037a000 	C:\Windows\System32\bcryptPrimitives.dll
0x00007ffd51ae0000 - 0x00007ffd51b0e000 	C:\Windows\System32\IMM32.DLL
0x00007ffd4cfd0000 - 0x00007ffd4cfe6000 	C:\Program Files\Java\jdk-11.0.7\bin\vcruntime140.dll
0x00007ffd1bc00000 - 0x00007ffd1bcaa000 	C:\Program Files\Java\jdk-11.0.7\bin\msvcp140.dll
0x00007ffd1a290000 - 0x00007ffd1adf1000 	C:\Program Files\Java\jdk-11.0.7\bin\server\jvm.dll
0x00007ffd517a0000 - 0x00007ffd517a8000 	C:\Windows\System32\PSAPI.DLL
0x00007ffd47940000 - 0x00007ffd47949000 	C:\Windows\SYSTEM32\WSOCK32.dll
0x00007ffd4dfa0000 - 0x00007ffd4dfc3000 	C:\Windows\SYSTEM32\WINMM.dll
0x00007ffd523e0000 - 0x00007ffd5244a000 	C:\Windows\System32\WS2_32.dll
0x000002acfe720000 - 0x000002acfe74b000 	C:\Windows\SYSTEM32\WINMMBASE.dll
0x00007ffd502a0000 - 0x00007ffd502e2000 	C:\Windows\System32\cfgmgr32.dll
0x00007ffd50220000 - 0x00007ffd5022f000 	C:\Windows\System32\kernel.appcore.dll
0x00007ffd1c8a0000 - 0x00007ffd1c8b1000 	C:\Program Files\Java\jdk-11.0.7\bin\verify.dll
0x00007ffd40f30000 - 0x00007ffd410c2000 	C:\Windows\SYSTEM32\DBGHELP.DLL
0x00007ffd40f00000 - 0x00007ffd40f29000 	C:\Windows\SYSTEM32\dbgcore.DLL
0x00007ffd1c870000 - 0x00007ffd1c899000 	C:\Program Files\Java\jdk-11.0.7\bin\java.dll
0x00007ffd4d190000 - 0x00007ffd4d19a000 	C:\Program Files\Java\jdk-11.0.7\bin\jimage.dll
0x00007ffd1c700000 - 0x00007ffd1c716000 	C:\Program Files\Java\jdk-11.0.7\bin\zip.dll
0x00007ffd52560000 - 0x00007ffd53a68000 	C:\Windows\System32\SHELL32.dll
0x00007ffd50880000 - 0x00007ffd50f5a000 	C:\Windows\System32\windows.storage.dll
0x00007ffd50250000 - 0x00007ffd5029c000 	C:\Windows\System32\powrprof.dll
0x00007ffd51d30000 - 0x00007ffd51d82000 	C:\Windows\System32\shlwapi.dll
0x00007ffd50f60000 - 0x00007ffd51009000 	C:\Windows\System32\shcore.dll
0x00007ffd50230000 - 0x00007ffd50244000 	C:\Windows\System32\profapi.dll
0x00007ffd1be80000 - 0x00007ffd1be99000 	C:\Program Files\Java\jdk-11.0.7\bin\net.dll
0x00007ffd47a40000 - 0x00007ffd47b0c000 	C:\Windows\SYSTEM32\WINHTTP.dll
0x00007ffd4fb40000 - 0x00007ffd4fb9c000 	C:\Windows\system32\mswsock.dll
0x00007ffd1be60000 - 0x00007ffd1be73000 	C:\Program Files\Java\jdk-11.0.7\bin\nio.dll
0x00007ffd4fce0000 - 0x00007ffd4fcf7000 	C:\Windows\SYSTEM32\CRYPTSP.dll
0x00007ffd4f7d0000 - 0x00007ffd4f803000 	C:\Windows\system32\rsaenh.dll
0x00007ffd4fdf0000 - 0x00007ffd4fe1b000 	C:\Windows\SYSTEM32\bcrypt.dll
0x00007ffd4f9c0000 - 0x00007ffd4f9df000 	C:\Windows\SYSTEM32\USERENV.dll
0x00007ffd4fd00000 - 0x00007ffd4fd0b000 	C:\Windows\SYSTEM32\CRYPTBASE.dll
0x00007ffd4f8d0000 - 0x00007ffd4f908000 	C:\Windows\SYSTEM32\IPHLPAPI.DLL
0x00007ffd512a0000 - 0x00007ffd512a8000 	C:\Windows\System32\NSI.dll
0x00007ffd49c60000 - 0x00007ffd49c76000 	C:\Windows\SYSTEM32\dhcpcsvc6.DLL
0x00007ffd49d50000 - 0x00007ffd49d6a000 	C:\Windows\SYSTEM32\dhcpcsvc.DLL
0x00007ffd1be00000 - 0x00007ffd1be29000 	C:\Users\Mohit\AppData\Roaming\Code\User\globalStorage\redhat.java\0.76.0\config_win\org.eclipse.equinox.launcher\org.eclipse.equinox.launcher.win32.win32.x86_64_1.2.100.v20210209-1541\eclipse_11301.dll
0x00007ffd443d0000 - 0x00007ffd443e1000 	C:\Users\Mohit\AppData\Roaming\Code\User\globalStorage\redhat.java\0.76.0\config_win\org.eclipse.osgi\23\0\.cp\jWinHttp-1.0.0.dll
0x00007ffd53a70000 - 0x00007ffd53ba7000 	C:\Windows\System32\ole32.dll
0x00007ffd443a0000 - 0x00007ffd443c6000 	C:\Program Files\Java\jdk-11.0.7\bin\sunec.dll
0x00007ffd4f910000 - 0x00007ffd4f9b0000 	C:\Windows\SYSTEM32\DNSAPI.dll
0x00007ffd43610000 - 0x00007ffd4361a000 	C:\Windows\System32\rasadhlp.dll
0x00007ffd499c0000 - 0x00007ffd49a2a000 	C:\Windows\System32\fwpuclnt.dll
0x00007ffd44330000 - 0x00007ffd4433e000 	C:\Program Files\Java\jdk-11.0.7\bin\sunmscapi.dll
0x00007ffd50490000 - 0x00007ffd50658000 	C:\Windows\System32\CRYPT32.dll
0x00007ffd50210000 - 0x00007ffd50220000 	C:\Windows\System32\MSASN1.dll
0x00007ffd4fdc0000 - 0x00007ffd4fde6000 	C:\Windows\SYSTEM32\ncrypt.dll
0x00007ffd4fd80000 - 0x00007ffd4fdbb000 	C:\Windows\SYSTEM32\NTASN1.dll

dbghelp: loaded successfully - version: 4.0.5 - missing functions: none
symbol engine: initialized successfully - sym options: 0x614 - pdb path: .;C:\Program Files\Java\jdk-11.0.7\bin;C:\Windows\SYSTEM32;C:\Windows\WinSxS\amd64_microsoft.windows.common-controls_6595b64144ccf1df_6.0.14393.0_none_2d0f50fcbdb171b8;C:\Program Files\Java\jdk-11.0.7\bin\server;C:\Users\Mohit\AppData\Roaming\Code\User\globalStorage\redhat.java\0.76.0\config_win\org.eclipse.equinox.launcher\org.eclipse.equinox.launcher.win32.win32.x86_64_1.2.100.v20210209-1541;C:\Users\Mohit\AppData\Roaming\Code\User\globalStorage\redhat.java\0.76.0\config_win\org.eclipse.osgi\23\0\.cp

VM Arguments:
jvm_args: --add-modules=ALL-SYSTEM --add-opens=java.base/java.util=ALL-UNNAMED --add-opens=java.base/java.lang=ALL-UNNAMED -Declipse.application=org.eclipse.jdt.ls.core.id1 -Dosgi.bundles.defaultStartLevel=4 -Declipse.product=org.eclipse.jdt.ls.core.product -Dfile.encoding=utf8 -DwatchParentProcess=false -XX:+UseParallelGC -XX:GCTimeRatio=4 -XX:AdaptiveSizePolicyWeight=90 -Dsun.zip.disableMemoryMapping=true -Xmx1G -Xms100m -Xverify:none 
java_command: c:\Users\Mohit\.vscode\extensions\redhat.java-0.76.0\server\plugins\org.eclipse.equinox.launcher_1.6.100.v20201223-0822.jar -configuration c:\Users\Mohit\AppData\Roaming\Code\User\globalStorage\redhat.java\0.76.0\config_win -data c:\Users\Mohit\AppData\Roaming\Code\User\workspaceStorage\567dee87dd49738e3b1bb5a4c6aed07f\redhat.java\jdt_ws
java_class_path (initial): c:\Users\Mohit\.vscode\extensions\redhat.java-0.76.0\server\plugins\org.eclipse.equinox.launcher_1.6.100.v20201223-0822.jar
Launcher Type: SUN_STANDARD

[Global flags]
    uintx AdaptiveSizePolicyWeight                 = 90                                        {product} {command line}
     bool BytecodeVerificationLocal                = false                                     {product} {command line}
     bool BytecodeVerificationRemote               = false                                     {product} {command line}
     intx CICompilerCount                          = 3                                         {product} {ergonomic}
    uintx GCTimeRatio                              = 4                                         {product} {command line}
   size_t InitialHeapSize                          = 104857600                                 {product} {command line}
   size_t MaxHeapSize                              = 1073741824                                {product} {command line}
   size_t MaxNewSize                               = 357564416                                 {product} {ergonomic}
   size_t MinHeapDeltaBytes                        = 524288                                    {product} {ergonomic}
   size_t NewSize                                  = 34603008                                  {product} {ergonomic}
    uintx NonNMethodCodeHeapSize                   = 5830732                                {pd product} {ergonomic}
    uintx NonProfiledCodeHeapSize                  = 122913754                              {pd product} {ergonomic}
   size_t OldSize                                  = 70254592                                  {product} {ergonomic}
    uintx ProfiledCodeHeapSize                     = 122913754                              {pd product} {ergonomic}
    uintx ReservedCodeCacheSize                    = 251658240                              {pd product} {ergonomic}
     bool SegmentedCodeCache                       = true                                      {product} {ergonomic}
     bool UseCompressedClassPointers               = true                                 {lp64_product} {ergonomic}
     bool UseCompressedOops                        = true                                 {lp64_product} {ergonomic}
     bool UseLargePagesIndividualAllocation        = false                                  {pd product} {ergonomic}
     bool UseParallelGC                            = true                                      {product} {command line}

Logging:
Log output configuration:
 #0: stdout all=warning uptime,level,tags
 #1: stderr all=off uptime,level,tags

Environment Variables:
PATH=C:\Windows\system32;C:\Windows;C:\Windows\System32\Wbem;C:\Windows\System32\WindowsPowerShell\v1.0\;C:\Program Files\Microsoft VS Code\bin;C:\Program Files\Microsoft SQL Server\130\Tools\Binn\;C:\Users\Mohit\AppData\Local\Programs\Python\Python37\Scripts\;C:\Users\Mohit\AppData\Local\Programs\Python\Python37\;C:\Users\Mohit\AppData\Local\Microsoft\WindowsApps;C:\Users\Mohit\.conda;C:\Users\Mohit\AppData\Local\Programs\Python\Python38\Scripts;C:\Users\Mohit\AppData\Local\Programs\Python\Python38;C:\Users\Mohit\AppData\Local\Programs\Microsoft VS Code;C:\Users\Mohit\AppData\Local\Spyder;C:\Users\Mohit\AppData\Local\conda;C:\Users\Mohit\AppData\Local\Programs\Microsoft VS Code\resources\app\extensions\python;C:\Users\Mohit\AppData\Local\Programs\Microsoft VS Code\resources\app\extensions\extension-editing;C:\Users\Mohit\AppData\Local\Programs\Microsoft VS Code\resources\app\extensions;C:\Users\Mohit\AppData\Roaming\Python\Python37\Scripts;C:\Users\Mohit\AppData\Roaming\.anaconda\navigator\.anaconda\navigator\scripts;C:\Users\Mohit\AppData\Roaming\.anaconda\navigator\.anaconda\navigator
USERNAME=Mohit
OS=Windows_NT
PROCESSOR_IDENTIFIER=Intel64 Family 6 Model 42 Stepping 7, GenuineIntel



---------------  S Y S T E M  ---------------

OS: Windows 10 , 64 bit Build 14393 (10.0.14393.0)

CPU:total 4 (initial active 4) (2 cores per cpu, 2 threads per core) family 6 model 42 stepping 7, cmov, cx8, fxsr, mmx, sse, sse2, sse3, ssse3, sse4.1, sse4.2, popcnt, avx, clmul, ht, tsc, tscinvbit

Memory: 4k page, system-wide physical 3977M (288M free)
TotalPageFile size 16265M (AvailPageFile size 11M)
current process WorkingSet (physical memory assigned to process): 381M, peak: 758M
current process commit charge ("private bytes"): 575M, peak: 697M

vm_info: Java HotSpot(TM) 64-Bit Server VM (11.0.7+8-LTS) for windows-amd64 JRE (11.0.7+8-LTS), built on Mar 12 2020 02:04:32 by "mach5one" with MS VC++ 15.5 (VS2017)

END.
